mpicc -O3 -Iinclude -fopenmp -c -o obj/sobelf_hybrid_3.o sobelf_hybrid_3.c
nvcc -I/Data/IPGen/env/lib/python3.13/site-packages/nvidia/cuda_runtime/include -I./cuda_include -Xcompiler -fPIC --relocatable-device-code=true -include /Data/IPGen/env/lib/python3.13/site-packages/nvidia/cuda_runtime/include/host_config.h  -c -o obj/sobelf_hybrid_3_cuda.o sobelf_hybrid_3.cu
In file included from ./cuda_include/crt/host_config.h:60,
                 from ./cuda_include/crt/host_config.h:60,
                 from ./cuda_include/crt/host_config.h:60,
                 from ./cuda_include/crt/host_config.h:60,
                 from ./cuda_include/crt/host_config.h:60,
                 from ./cuda_include/crt/host_config.h:60,
                 from ./cuda_include/crt/host_config.h:60,
                 from ./cuda_include/crt/host_config.h:60,
                 from ./cuda_include/crt/host_config.h:60,
                 from ./cuda_include/crt/host_config.h:60,
                 from ./cuda_include/crt/host_config.h:60,
                 from ./cuda_include/crt/host_config.h:60,
                 from ./cuda_include/crt/host_config.h:60,
                 from ./cuda_include/crt/host_config.h:60,
                 from ./cuda_include/crt/host_config.h:60,
                 from ./cuda_include/crt/host_config.h:60,
                 from ./cuda_include/crt/host_config.h:60,
                 from ./cuda_include/crt/host_config.h:60,
                 from ./cuda_include/crt/host_config.h:60,
                 from ./cuda_include/crt/host_config.h:60,
                 from ./cuda_include/crt/host_config.h:60,
                 from ./cuda_include/crt/host_config.h:60,
                 from ./cuda_include/crt/host_config.h:60,
                 from ./cuda_include/crt/host_config.h:60,
                 from ./cuda_include/crt/host_config.h:60,
                 from ./cuda_include/crt/host_config.h:60,
                 from ./cuda_include/crt/host_config.h:60,
                 from ./cuda_include/crt/host_config.h:60,
                 from ./cuda_include/crt/host_config.h:60,
                 from ./cuda_include/crt/host_config.h:60,
                 from ./cuda_include/crt/host_config.h:60,
                 from ./cuda_include/crt/host_config.h:60,
                 from ./cuda_include/crt/host_config.h:60,
                 from ./cuda_include/crt/host_config.h:60,
                 from ./cuda_include/crt/host_config.h:60,
                 from ./cuda_include/crt/host_config.h:60,
                 from ./cuda_include/crt/host_config.h:60,
                 from ./cuda_include/crt/host_config.h:60,
                 from ./cuda_include/crt/host_config.h:60,
                 from ./cuda_include/crt/host_config.h:60,
                 from ./cuda_include/crt/host_config.h:60,
                 from ./cuda_include/crt/host_config.h:60,
                 from ./cuda_include/crt/host_config.h:60,
                 from ./cuda_include/crt/host_config.h:60,
                 from ./cuda_include/crt/host_config.h:60,
                 from ./cuda_include/crt/host_config.h:60,
                 from ./cuda_include/crt/host_config.h:60,
                 from ./cuda_include/crt/host_config.h:60,
                 from ./cuda_include/crt/host_config.h:60,
                 from ./cuda_include/crt/host_config.h:60,
                 from ./cuda_include/crt/host_config.h:60,
                 from ./cuda_include/crt/host_config.h:60,
                 from ./cuda_include/crt/host_config.h:60,
                 from ./cuda_include/crt/host_config.h:60,
                 from ./cuda_include/crt/host_config.h:60,
                 from ./cuda_include/crt/host_config.h:60,
                 from ./cuda_include/crt/host_config.h:60,
                 from ./cuda_include/crt/host_config.h:60,
                 from ./cuda_include/crt/host_config.h:60,
                 from ./cuda_include/crt/host_config.h:60,
                 from ./cuda_include/crt/host_config.h:60,
                 from ./cuda_include/crt/host_config.h:60,
                 from ./cuda_include/crt/host_config.h:60,
                 from ./cuda_include/crt/host_config.h:60,
                 from ./cuda_include/crt/host_config.h:60,
                 from ./cuda_include/crt/host_config.h:60,
                 from ./cuda_include/crt/host_config.h:60,
                 from ./cuda_include/crt/host_config.h:60,
                 from ./cuda_include/crt/host_config.h:60,
                 from ./cuda_include/crt/host_config.h:60,
                 from ./cuda_include/crt/host_config.h:60,
                 from ./cuda_include/crt/host_config.h:60,
                 from ./cuda_include/crt/host_config.h:60,
                 from ./cuda_include/crt/host_config.h:60,
                 from ./cuda_include/crt/host_config.h:60,
                 from ./cuda_include/crt/host_config.h:60,
                 from ./cuda_include/crt/host_config.h:60,
                 from ./cuda_include/crt/host_config.h:60,
                 from ./cuda_include/crt/host_config.h:60,
                 from ./cuda_include/crt/host_config.h:60,
                 from ./cuda_include/crt/host_config.h:60,
                 from ./cuda_include/crt/host_config.h:60,
                 from ./cuda_include/crt/host_config.h:60,
                 from ./cuda_include/crt/host_config.h:60,
                 from ./cuda_include/crt/host_config.h:60,
                 from ./cuda_include/crt/host_config.h:60,
                 from ./cuda_include/crt/host_config.h:60,
                 from ./cuda_include/crt/host_config.h:60,
                 from ./cuda_include/crt/host_config.h:60,
                 from ./cuda_include/crt/host_config.h:60,
                 from ./cuda_include/crt/host_config.h:60,
                 from ./cuda_include/crt/host_config.h:60,
                 from ./cuda_include/crt/host_config.h:60,
                 from ./cuda_include/crt/host_config.h:60,
                 from ./cuda_include/crt/host_config.h:60,
                 from ./cuda_include/crt/host_config.h:60,
                 from ./cuda_include/crt/host_config.h:60,
                 from ./cuda_include/crt/host_config.h:60,
                 from ./cuda_include/crt/host_config.h:60,
                 from ./cuda_include/crt/host_config.h:60,
                 from ./cuda_include/crt/host_config.h:60,
                 from ./cuda_include/crt/host_config.h:60,
                 from ./cuda_include/crt/host_config.h:60,
                 from ./cuda_include/crt/host_config.h:60,
                 from ./cuda_include/crt/host_config.h:60,
                 from ./cuda_include/crt/host_config.h:60,
                 from ./cuda_include/crt/host_config.h:60,
                 from ./cuda_include/crt/host_config.h:60,
                 from ./cuda_include/crt/host_config.h:60,
                 from ./cuda_include/crt/host_config.h:60,
                 from ./cuda_include/crt/host_config.h:60,
                 from ./cuda_include/crt/host_config.h:60,
                 from ./cuda_include/crt/host_config.h:60,
                 from ./cuda_include/crt/host_config.h:60,
                 from ./cuda_include/crt/host_config.h:60,
                 from ./cuda_include/crt/host_config.h:60,
                 from ./cuda_include/crt/host_config.h:60,
                 from ./cuda_include/crt/host_config.h:60,
                 from ./cuda_include/crt/host_config.h:60,
                 from ./cuda_include/crt/host_config.h:60,
                 from ./cuda_include/crt/host_config.h:60,
                 from ./cuda_include/crt/host_config.h:60,
                 from ./cuda_include/crt/host_config.h:60,
                 from ./cuda_include/crt/host_config.h:60,
                 from ./cuda_include/crt/host_config.h:60,
                 from ./cuda_include/crt/host_config.h:60,
                 from ./cuda_include/crt/host_config.h:60,
                 from ./cuda_include/crt/host_config.h:60,
                 from ./cuda_include/crt/host_config.h:60,
                 from ./cuda_include/crt/host_config.h:60,
                 from ./cuda_include/crt/host_config.h:60,
                 from ./cuda_include/crt/host_config.h:60,
                 from ./cuda_include/crt/host_config.h:60,
                 from ./cuda_include/crt/host_config.h:60,
                 from ./cuda_include/crt/host_config.h:60,
                 from ./cuda_include/crt/host_config.h:60,
                 from ./cuda_include/crt/host_config.h:60,
                 from ./cuda_include/crt/host_config.h:60,
                 from ./cuda_include/crt/host_config.h:60,
                 from ./cuda_include/crt/host_config.h:60,
                 from ./cuda_include/crt/host_config.h:60,
                 from ./cuda_include/crt/host_config.h:60,
                 from ./cuda_include/crt/host_config.h:60,
                 from ./cuda_include/crt/host_config.h:60,
                 from ./cuda_include/crt/host_config.h:60,
                 from ./cuda_include/crt/host_config.h:60,
                 from ./cuda_include/crt/host_config.h:60,
                 from ./cuda_include/crt/host_config.h:60,
                 from ./cuda_include/crt/host_config.h:60,
                 from ./cuda_include/crt/host_config.h:60,
                 from ./cuda_include/crt/host_config.h:60,
                 from ./cuda_include/crt/host_config.h:60,
                 from ./cuda_include/crt/host_config.h:60,
                 from ./cuda_include/crt/host_config.h:60,
                 from ./cuda_include/crt/host_config.h:60,
                 from ./cuda_include/crt/host_config.h:60,
                 from ./cuda_include/crt/host_config.h:60,
                 from ./cuda_include/crt/host_config.h:60,
                 from ./cuda_include/crt/host_config.h:60,
                 from ./cuda_include/crt/host_config.h:60,
                 from ./cuda_include/crt/host_config.h:60,
                 from ./cuda_include/crt/host_config.h:60,
                 from ./cuda_include/crt/host_config.h:60,
                 from ./cuda_include/crt/host_config.h:60,
                 from ./cuda_include/crt/host_config.h:60,
                 from ./cuda_include/crt/host_config.h:60,
                 from ./cuda_include/crt/host_config.h:60,
                 from ./cuda_include/crt/host_config.h:60,
                 from ./cuda_include/crt/host_config.h:60,
                 from ./cuda_include/crt/host_config.h:60,
                 from ./cuda_include/crt/host_config.h:60,
                 from ./cuda_include/crt/host_config.h:60,
                 from ./cuda_include/crt/host_config.h:60,
                 from ./cuda_include/crt/host_config.h:60,
                 from ./cuda_include/crt/host_config.h:60,
                 from ./cuda_include/crt/host_config.h:60,
                 from ./cuda_include/crt/host_config.h:60,
                 from ./cuda_include/crt/host_config.h:60,
                 from ./cuda_include/crt/host_config.h:60,
                 from ./cuda_include/crt/host_config.h:60,
                 from ./cuda_include/crt/host_config.h:60,
                 from ./cuda_include/crt/host_config.h:60,
                 from ./cuda_include/crt/host_config.h:60,
                 from ./cuda_include/crt/host_config.h:60,
                 from ./cuda_include/crt/host_config.h:60,
                 from ./cuda_include/crt/host_config.h:60,
                 from ./cuda_include/crt/host_config.h:60,
                 from ./cuda_include/crt/host_config.h:60,
                 from ./cuda_include/crt/host_config.h:60,
                 from ./cuda_include/crt/host_config.h:60,
                 from ./cuda_include/crt/host_config.h:60,
                 from ./cuda_include/crt/host_config.h:60,
                 from ./cuda_include/crt/host_config.h:60,
                 from ./cuda_include/crt/host_config.h:60,
                 from ./cuda_include/crt/host_config.h:60,
                 from ./cuda_include/crt/host_config.h:60,
                 from ./cuda_include/crt/host_config.h:60,
                 from /Data/IPGen/env/lib/python3.13/site-packages/nvidia/cuda_runtime/include/cuda_runtime.h:82,
                 from <command-line>:
./cuda_include/crt/host_config.h:60:29: error: #include nested depth 200 exceeds maximum of 200 (use -fmax-include-depth=DEPTH to increase the maximum)
   60 | #include "crt/host_config.h"
      |                             ^
In file included from /Data/IPGen/env/lib/python3.13/site-packages/nvidia/cuda_runtime/include/builtin_types.h:56,
                 from /Data/IPGen/env/lib/python3.13/site-packages/nvidia/cuda_runtime/include/cuda_runtime.h:90,
                 from <command-line>:
/Data/IPGen/env/lib/python3.13/site-packages/nvidia/cuda_runtime/include/device_types.h:59:10: fatal error: crt/host_defines.h: No such file or directory
   59 | #include "crt/host_defines.h"
      |          ^~~~~~~~~~~~~~~~~~~~
compilation terminated.
make: *** [Makefile.hybrid:26: obj/sobelf_hybrid_3_cuda.o] Error 1
